<?xml version="1.0" encoding="UTF-8"?>
<coverage generated="1758738357145" clover="3.2.0">
  <project timestamp="1758738357145" name="All files">
    <metrics statements="44" coveredstatements="44" conditionals="20" coveredconditionals="19" methods="13" coveredmethods="13" elements="77" coveredelements="76" complexity="0" loc="44" ncloc="44" packages="1" files="2" classes="2"/>
    <file name="ProjectApplicationService.ts" path="/home/tokki/est/metricas/3_corte/proyecto_final/code/backend/src/application/ProjectApplicationService.ts">
      <metrics statements="13" coveredstatements="13" conditionals="4" coveredconditionals="4" methods="6" coveredmethods="6"/>
      <line num="4" count="1" type="stmt"/>
      <line num="8" count="8" type="stmt"/>
      <line num="12" count="1" type="stmt"/>
      <line num="16" count="1" type="stmt"/>
      <line num="20" count="2" type="stmt"/>
      <line num="24" count="2" type="stmt"/>
      <line num="25" count="2" type="cond" truecount="2" falsecount="0"/>
      <line num="26" count="1" type="stmt"/>
      <line num="29" count="1" type="stmt"/>
      <line num="33" count="2" type="stmt"/>
      <line num="34" count="2" type="cond" truecount="2" falsecount="0"/>
      <line num="35" count="1" type="stmt"/>
      <line num="38" count="1" type="stmt"/>
    </file>
    <file name="UserApplicationService.ts" path="/home/tokki/est/metricas/3_corte/proyecto_final/code/backend/src/application/UserApplicationService.ts">
      <metrics statements="31" coveredstatements="31" conditionals="16" coveredconditionals="15" methods="7" coveredmethods="7"/>
      <line num="3" count="1" type="stmt"/>
      <line num="4" count="1" type="stmt"/>
      <line num="6" count="1" type="stmt"/>
      <line num="10" count="12" type="stmt"/>
      <line num="14" count="3" type="stmt"/>
      <line num="16" count="3" type="cond" truecount="2" falsecount="0"/>
      <line num="17" count="1" type="stmt"/>
      <line num="20" count="2" type="stmt"/>
      <line num="22" count="2" type="cond" truecount="2" falsecount="0"/>
      <line num="23" count="1" type="stmt"/>
      <line num="26" count="1" type="stmt"/>
      <line num="31" count="1" type="stmt"/>
      <line num="35" count="2" type="stmt"/>
      <line num="36" count="2" type="cond" truecount="2" falsecount="0"/>
      <line num="37" count="1" type="stmt"/>
      <line num="38" count="1" type="stmt"/>
      <line num="39" count="1" type="stmt"/>
      <line num="41" count="1" type="stmt"/>
      <line num="46" count="3" type="stmt"/>
      <line num="48" count="3" type="cond" truecount="2" falsecount="0"/>
      <line num="50" count="2" type="cond" truecount="1" falsecount="1"/>
      <line num="51" count="2" type="stmt"/>
      <line num="52" count="2" type="cond" truecount="4" falsecount="0"/>
      <line num="53" count="1" type="stmt"/>
      <line num="57" count="1" type="stmt"/>
      <line num="61" count="1" type="stmt"/>
      <line num="65" count="1" type="stmt"/>
      <line num="69" count="2" type="stmt"/>
      <line num="70" count="2" type="cond" truecount="2" falsecount="0"/>
      <line num="71" count="1" type="stmt"/>
      <line num="73" count="1" type="stmt"/>
    </file>
  </project>
</coverage>
