TN:
SF:src/application/ProjectApplicationService.ts
FN:7,(anonymous_7)
FN:11,(anonymous_8)
FN:15,(anonymous_10)
FN:19,(anonymous_12)
FN:23,(anonymous_14)
FN:32,(anonymous_16)
FNF:6
FNH:6
FNDA:8,(anonymous_7)
FNDA:1,(anonymous_8)
FNDA:1,(anonymous_10)
FNDA:2,(anonymous_12)
FNDA:2,(anonymous_14)
FNDA:2,(anonymous_16)
DA:4,1
DA:8,8
DA:12,1
DA:16,1
DA:20,2
DA:24,2
DA:25,2
DA:26,1
DA:29,1
DA:33,2
DA:34,2
DA:35,1
DA:38,1
LF:13
LH:13
BRDA:25,0,0,1
BRDA:25,0,1,1
BRDA:34,1,0,1
BRDA:34,1,1,1
BRF:4
BRH:4
end_of_record
TN:
SF:src/application/UserApplicationService.ts
FN:9,(anonymous_8)
FN:13,(anonymous_9)
FN:34,(anonymous_11)
FN:45,(anonymous_13)
FN:60,(anonymous_15)
FN:64,(anonymous_17)
FN:68,(anonymous_19)
FNF:7
FNH:7
FNDA:12,(anonymous_8)
FNDA:3,(anonymous_9)
FNDA:2,(anonymous_11)
FNDA:3,(anonymous_13)
FNDA:1,(anonymous_15)
FNDA:1,(anonymous_17)
FNDA:2,(anonymous_19)
DA:3,1
DA:4,1
DA:6,1
DA:10,12
DA:14,3
DA:16,3
DA:17,1
DA:20,2
DA:22,2
DA:23,1
DA:26,1
DA:31,1
DA:35,2
DA:36,2
DA:37,1
DA:38,1
DA:39,1
DA:41,1
DA:46,3
DA:48,3
DA:50,2
DA:51,2
DA:52,2
DA:53,1
DA:57,1
DA:61,1
DA:65,1
DA:69,2
DA:70,2
DA:71,1
DA:73,1
LF:31
LH:31
BRDA:16,0,0,1
BRDA:16,0,1,2
BRDA:22,1,0,1
BRDA:22,1,1,1
BRDA:36,2,0,1
BRDA:36,2,1,1
BRDA:48,3,0,1
BRDA:48,3,1,2
BRDA:50,4,0,2
BRDA:50,4,1,0
BRDA:52,5,0,1
BRDA:52,5,1,1
BRDA:52,6,0,2
BRDA:52,6,1,1
BRDA:70,7,0,1
BRDA:70,7,1,1
BRF:16
BRH:15
end_of_record
